  Calculator.cpp
C:\Users\user\source\repos\Calculator\Calculator\Calculator.h(16,25): warning C4566: 유니버설 문자 이름 '\uC744'(으)로 표현되는 문자는 현재 코드 페이지(1252)에서 표현할 수 없습니다.
C:\Users\user\source\repos\Calculator\Calculator\Calculator.h(16,25): warning C4566: 유니버설 문자 이름 '\uACC4'(으)로 표현되는 문자는 현재 코드 페이지(1252)에서 표현할 수 없습니다.
C:\Users\user\source\repos\Calculator\Calculator\Calculator.h(16,25): warning C4566: 유니버설 문자 이름 '\uC0B0'(으)로 표현되는 문자는 현재 코드 페이지(1252)에서 표현할 수 없습니다.
C:\Users\user\source\repos\Calculator\Calculator\Calculator.h(16,25): warning C4566: 유니버설 문자 이름 '\uD569'(으)로 표현되는 문자는 현재 코드 페이지(1252)에서 표현할 수 없습니다.
C:\Users\user\source\repos\Calculator\Calculator\Calculator.h(16,25): warning C4566: 유니버설 문자 이름 '\uB2C8'(으)로 표현되는 문자는 현재 코드 페이지(1252)에서 표현할 수 없습니다.
C:\Users\user\source\repos\Calculator\Calculator\Calculator.h(16,25): warning C4566: 유니버설 문자 이름 '\uB2E4'(으)로 표현되는 문자는 현재 코드 페이지(1252)에서 표현할 수 없습니다.
C:\Users\user\source\repos\Calculator\Calculator\Calculator.h(27,25): warning C4566: 유니버설 문자 이름 '\uC218'(으)로 표현되는 문자는 현재 코드 페이지(1252)에서 표현할 수 없습니다.
C:\Users\user\source\repos\Calculator\Calculator\Calculator.h(27,25): warning C4566: 유니버설 문자 이름 '\uC2DD'(으)로 표현되는 문자는 현재 코드 페이지(1252)에서 표현할 수 없습니다.
C:\Users\user\source\repos\Calculator\Calculator\Calculator.h(27,25): warning C4566: 유니버설 문자 이름 '\uC5D0'(으)로 표현되는 문자는 현재 코드 페이지(1252)에서 표현할 수 없습니다.
C:\Users\user\source\repos\Calculator\Calculator\Calculator.h(27,25): warning C4566: 유니버설 문자 이름 '\uC0AC'(으)로 표현되는 문자는 현재 코드 페이지(1252)에서 표현할 수 없습니다.
C:\Users\user\source\repos\Calculator\Calculator\Calculator.h(27,25): warning C4566: 유니버설 문자 이름 '\uC6A9'(으)로 표현되는 문자는 현재 코드 페이지(1252)에서 표현할 수 없습니다.
C:\Users\user\source\repos\Calculator\Calculator\Calculator.h(27,25): warning C4566: 유니버설 문자 이름 '\uD55C'(으)로 표현되는 문자는 현재 코드 페이지(1252)에서 표현할 수 없습니다.
C:\Users\user\source\repos\Calculator\Calculator\Calculator.h(27,25): warning C4566: 유니버설 문자 이름 '\uD45C'(으)로 표현되는 문자는 현재 코드 페이지(1252)에서 표현할 수 없습니다.
C:\Users\user\source\repos\Calculator\Calculator\Calculator.h(27,25): warning C4566: 유니버설 문자 이름 '\uD604'(으)로 표현되는 문자는 현재 코드 페이지(1252)에서 표현할 수 없습니다.
C:\Users\user\source\repos\Calculator\Calculator\Calculator.h(27,25): warning C4566: 유니버설 문자 이름 '\uC774'(으)로 표현되는 문자는 현재 코드 페이지(1252)에서 표현할 수 없습니다.
C:\Users\user\source\repos\Calculator\Calculator\Calculator.h(27,25): warning C4566: 유니버설 문자 이름 '\uBB38'(으)로 표현되는 문자는 현재 코드 페이지(1252)에서 표현할 수 없습니다.
C:\Users\user\source\repos\Calculator\Calculator\Calculator.h(27,25): warning C4566: 유니버설 문자 이름 '\uBC95'(으)로 표현되는 문자는 현재 코드 페이지(1252)에서 표현할 수 없습니다.
C:\Users\user\source\repos\Calculator\Calculator\Calculator.h(27,25): warning C4566: 유니버설 문자 이름 '\uB9DE'(으)로 표현되는 문자는 현재 코드 페이지(1252)에서 표현할 수 없습니다.
C:\Users\user\source\repos\Calculator\Calculator\Calculator.h(27,25): warning C4566: 유니버설 문자 이름 '\uC9C0'(으)로 표현되는 문자는 현재 코드 페이지(1252)에서 표현할 수 없습니다.
C:\Users\user\source\repos\Calculator\Calculator\Calculator.h(27,25): warning C4566: 유니버설 문자 이름 '\uC54A'(으)로 표현되는 문자는 현재 코드 페이지(1252)에서 표현할 수 없습니다.
C:\Users\user\source\repos\Calculator\Calculator\Calculator.h(27,25): warning C4566: 유니버설 문자 이름 '\uC2B5'(으)로 표현되는 문자는 현재 코드 페이지(1252)에서 표현할 수 없습니다.
C:\Users\user\source\repos\Calculator\Calculator\Calculator.h(27,25): warning C4566: 유니버설 문자 이름 '\uB2C8'(으)로 표현되는 문자는 현재 코드 페이지(1252)에서 표현할 수 없습니다.
C:\Users\user\source\repos\Calculator\Calculator\Calculator.h(27,25): warning C4566: 유니버설 문자 이름 '\uB2E4'(으)로 표현되는 문자는 현재 코드 페이지(1252)에서 표현할 수 없습니다.
C:\Users\user\source\repos\Calculator\Calculator\Calculator.h(32,21): warning C4566: 유니버설 문자 이름 '\uC0AC'(으)로 표현되는 문자는 현재 코드 페이지(1252)에서 표현할 수 없습니다.
C:\Users\user\source\repos\Calculator\Calculator\Calculator.h(32,21): warning C4566: 유니버설 문자 이름 '\uC6A9'(으)로 표현되는 문자는 현재 코드 페이지(1252)에서 표현할 수 없습니다.
C:\Users\user\source\repos\Calculator\Calculator\Calculator.h(32,21): warning C4566: 유니버설 문자 이름 '\uD560'(으)로 표현되는 문자는 현재 코드 페이지(1252)에서 표현할 수 없습니다.
C:\Users\user\source\repos\Calculator\Calculator\Calculator.h(32,21): warning C4566: 유니버설 문자 이름 '\uC218'(으)로 표현되는 문자는 현재 코드 페이지(1252)에서 표현할 수 없습니다.
C:\Users\user\source\repos\Calculator\Calculator\Calculator.h(32,21): warning C4566: 유니버설 문자 이름 '\uC5C6'(으)로 표현되는 문자는 현재 코드 페이지(1252)에서 표현할 수 없습니다.
C:\Users\user\source\repos\Calculator\Calculator\Calculator.h(32,21): warning C4566: 유니버설 문자 이름 '\uB294'(으)로 표현되는 문자는 현재 코드 페이지(1252)에서 표현할 수 없습니다.
C:\Users\user\source\repos\Calculator\Calculator\Calculator.h(32,21): warning C4566: 유니버설 문자 이름 '\uAE30'(으)로 표현되는 문자는 현재 코드 페이지(1252)에서 표현할 수 없습니다.
C:\Users\user\source\repos\Calculator\Calculator\Calculator.h(32,21): warning C4566: 유니버설 문자 이름 '\uD638'(으)로 표현되는 문자는 현재 코드 페이지(1252)에서 표현할 수 없습니다.
C:\Users\user\source\repos\Calculator\Calculator\Calculator.h(32,21): warning C4566: 유니버설 문자 이름 '\uAC00'(으)로 표현되는 문자는 현재 코드 페이지(1252)에서 표현할 수 없습니다.
C:\Users\user\source\repos\Calculator\Calculator\Calculator.h(32,21): warning C4566: 유니버설 문자 이름 '\uC788'(으)로 표현되는 문자는 현재 코드 페이지(1252)에서 표현할 수 없습니다.
C:\Users\user\source\repos\Calculator\Calculator\Calculator.h(32,21): warning C4566: 유니버설 문자 이름 '\uC2B5'(으)로 표현되는 문자는 현재 코드 페이지(1252)에서 표현할 수 없습니다.
C:\Users\user\source\repos\Calculator\Calculator\Calculator.h(32,21): warning C4566: 유니버설 문자 이름 '\uB2C8'(으)로 표현되는 문자는 현재 코드 페이지(1252)에서 표현할 수 없습니다.
C:\Users\user\source\repos\Calculator\Calculator\Calculator.h(32,21): warning C4566: 유니버설 문자 이름 '\uB2E4'(으)로 표현되는 문자는 현재 코드 페이지(1252)에서 표현할 수 없습니다.
C:\Users\user\source\repos\Calculator\Calculator\Calculator.h(241,23): warning C4566: 유니버설 문자 이름 '\uC815'(으)로 표현되는 문자는 현재 코드 페이지(1252)에서 표현할 수 없습니다.
C:\Users\user\source\repos\Calculator\Calculator\Calculator.h(241,23): warning C4566: 유니버설 문자 이름 '\uC758'(으)로 표현되는 문자는 현재 코드 페이지(1252)에서 표현할 수 없습니다.
C:\Users\user\source\repos\Calculator\Calculator\Calculator.h(241,23): warning C4566: 유니버설 문자 이름 '\uD558'(으)로 표현되는 문자는 현재 코드 페이지(1252)에서 표현할 수 없습니다.
C:\Users\user\source\repos\Calculator\Calculator\Calculator.h(241,23): warning C4566: 유니버설 문자 이름 '\uC9C0'(으)로 표현되는 문자는 현재 코드 페이지(1252)에서 표현할 수 없습니다.
C:\Users\user\source\repos\Calculator\Calculator\Calculator.h(241,23): warning C4566: 유니버설 문자 이름 '\uC54A'(으)로 표현되는 문자는 현재 코드 페이지(1252)에서 표현할 수 없습니다.
C:\Users\user\source\repos\Calculator\Calculator\Calculator.h(241,23): warning C4566: 유니버설 문자 이름 '\uC740'(으)로 표현되는 문자는 현재 코드 페이지(1252)에서 표현할 수 없습니다.
C:\Users\user\source\repos\Calculator\Calculator\Calculator.h(241,23): warning C4566: 유니버설 문자 이름 '\uC5F0'(으)로 표현되는 문자는 현재 코드 페이지(1252)에서 표현할 수 없습니다.
C:\Users\user\source\repos\Calculator\Calculator\Calculator.h(241,23): warning C4566: 유니버설 문자 이름 '\uC0B0'(으)로 표현되는 문자는 현재 코드 페이지(1252)에서 표현할 수 없습니다.
C:\Users\user\source\repos\Calculator\Calculator\Calculator.h(241,23): warning C4566: 유니버설 문자 이름 '\uC790'(으)로 표현되는 문자는 현재 코드 페이지(1252)에서 표현할 수 없습니다.
C:\Users\user\source\repos\Calculator\Calculator\Calculator.h(241,23): warning C4566: 유니버설 문자 이름 '\uC785'(으)로 표현되는 문자는 현재 코드 페이지(1252)에서 표현할 수 없습니다.
C:\Users\user\source\repos\Calculator\Calculator\Calculator.h(241,23): warning C4566: 유니버설 문자 이름 '\uB2C8'(으)로 표현되는 문자는 현재 코드 페이지(1252)에서 표현할 수 없습니다.
C:\Users\user\source\repos\Calculator\Calculator\Calculator.h(241,23): warning C4566: 유니버설 문자 이름 '\uB2E4'(으)로 표현되는 문자는 현재 코드 페이지(1252)에서 표현할 수 없습니다.
C:\Users\user\source\repos\Calculator\Calculator\DigitOperator.h(32,2): warning C4091: 'static ': 변수를 선언하지 않으면 'DigitOperator' 왼쪽은 무시됩니다.
  Calculator.vcxproj -> C:\Users\user\source\repos\Calculator\Debug\Calculator.exe
